<?xml version="1.0" encoding="utf-8"?><testsuites name="pytest tests"><testsuite name="pytest" errors="0" failures="5" skipped="0" tests="24" time="6.150" timestamp="2026-02-16T14:27:27.180911+00:00" hostname="agent-env-a5ebd5e7-a316-405b-ba72-5c6f0395e2e4"><testcase classname="backend.tests.test_pre_project_detail.TestPreProjectDetailAPI" name="test_get_logs_empty" time="1.946" /><testcase classname="backend.tests.test_pre_project_detail.TestPreProjectDetailAPI" name="test_create_log" time="0.077" /><testcase classname="backend.tests.test_pre_project_detail.TestPreProjectDetailAPI" name="test_get_logs_with_entries" time="0.192" /><testcase classname="backend.tests.test_pre_project_detail.TestPreProjectDetailAPI" name="test_update_log" time="0.299" /><testcase classname="backend.tests.test_pre_project_detail.TestPreProjectDetailAPI" name="test_delete_log" time="0.344" /><testcase classname="backend.tests.test_pre_project_detail.TestPreProjectDetailAPI" name="test_log_types" time="1.288" /><testcase classname="backend.tests.test_pre_project_detail.TestPreProjectDetailAPI" name="test_get_documents_empty" time="0.128" /><testcase classname="backend.tests.test_pre_project_detail.TestPreProjectDetailAPI" name="test_upload_document" time="0.080"><failure message="AssertionError: Failed to upload document: {&quot;detail&quot;:[{&quot;type&quot;:&quot;missing&quot;,&quot;loc&quot;:[&quot;body&quot;,&quot;file&quot;],&quot;msg&quot;:&quot;Field required&quot;,&quot;input&quot;:null,&quot;url&quot;:&quot;https://errors.pydantic.dev/2.12/v/missing&quot;}]}&#10;assert 422 == 200&#10; +  where 422 = &lt;Response [422]&gt;.status_code">backend/tests/test_pre_project_detail.py:201: in test_upload_document
    assert response.status_code == 200, f"Failed to upload document: {response.text}"
E   AssertionError: Failed to upload document: {"detail":[{"type":"missing","loc":["body","file"],"msg":"Field required","input":null,"url":"https://errors.pydantic.dev/2.12/v/missing"}]}
E   assert 422 == 200
E    +  where 422 = &lt;Response [422]&gt;.status_code</failure></testcase><testcase classname="backend.tests.test_pre_project_detail.TestPreProjectDetailAPI" name="test_add_note_to_document" time="0.086"><failure message="KeyError: 'document_id'">backend/tests/test_pre_project_detail.py:227: in test_add_note_to_document
    doc_id = upload_resp.json()["document_id"]
             ^^^^^^^^^^^^^^^^^^^^^^^^^^^^^^^^^
E   KeyError: 'document_id'</failure></testcase><testcase classname="backend.tests.test_pre_project_detail.TestPreProjectDetailAPI" name="test_download_document" time="0.093"><failure message="KeyError: 'document_id'">backend/tests/test_pre_project_detail.py:259: in test_download_document
    doc_id = upload_resp.json()["document_id"]
             ^^^^^^^^^^^^^^^^^^^^^^^^^^^^^^^^^
E   KeyError: 'document_id'</failure></testcase><testcase classname="backend.tests.test_pre_project_detail.TestPreProjectDetailAPI" name="test_delete_document" time="0.100"><failure message="KeyError: 'document_id'">backend/tests/test_pre_project_detail.py:281: in test_delete_document
    doc_id = upload_resp.json()["document_id"]
             ^^^^^^^^^^^^^^^^^^^^^^^^^^^^^^^^^
E   KeyError: 'document_id'</failure></testcase><testcase classname="backend.tests.test_pre_project_detail.TestPreProjectDetailAPI" name="test_save_materials_estimate" time="0.111" /><testcase classname="backend.tests.test_pre_project_detail.TestPreProjectDetailAPI" name="test_verify_materials_estimate_persisted" time="0.118" /><testcase classname="backend.tests.test_pre_project_detail.TestPreProjectDetailAPI" name="test_update_materials_estimate" time="0.109" /><testcase classname="backend.tests.test_pre_project_detail.TestPreProjectDetailAPI" name="test_toggle_ready_for_estimate" time="0.172" /><testcase classname="backend.tests.test_pre_project_detail.TestPreProjectDetailAPI" name="test_get_logs_nonexistent_preproject" time="0.070" /><testcase classname="backend.tests.test_pre_project_detail.TestPreProjectDetailAPI" name="test_create_log_nonexistent_preproject" time="0.059" /><testcase classname="backend.tests.test_pre_project_detail.TestPreProjectDetailAPI" name="test_update_nonexistent_log" time="0.067" /><testcase classname="backend.tests.test_pre_project_detail.TestPreProjectDetailAPI" name="test_delete_nonexistent_log" time="0.054" /><testcase classname="backend.tests.test_pre_project_detail.TestPreProjectDetailAPI" name="test_upload_document_nonexistent_preproject" time="0.091"><failure message="assert 422 == 404&#10; +  where 422 = &lt;Response [422]&gt;.status_code">backend/tests/test_pre_project_detail.py:467: in test_upload_document_nonexistent_preproject
    assert response.status_code == 404
E   assert 422 == 404
E    +  where 422 = &lt;Response [422]&gt;.status_code</failure></testcase><testcase classname="backend.tests.test_pre_project_detail.TestPreProjectDetailAPI" name="test_download_nonexistent_document" time="0.160" /><testcase classname="backend.tests.test_pre_project_detail.TestPreProjectDetailAPI" name="test_update_note_nonexistent_document" time="0.086" /><testcase classname="backend.tests.test_pre_project_detail.TestPreProjectDetailAPI" name="test_delete_nonexistent_document" time="0.067" /><testcase classname="backend.tests.test_pre_project_detail.TestPreProjectDetailAPI" name="test_materials_estimate_nonexistent_preproject" time="0.214" /></testsuite></testsuites>