<?xml version="1.0" encoding="utf-8"?><testsuites name="pytest tests"><testsuite name="pytest" errors="0" failures="0" skipped="0" tests="11" time="3.330" timestamp="2026-02-10T14:06:41.884017+00:00" hostname="agent-env-9602ce4d-38a0-46fb-85d2-f5ed6f7beb23"><testcase classname="tests.test_statements.TestStatementsAPI" name="test_01_health_check" time="0.309" /><testcase classname="tests.test_statements.TestStatementsAPI" name="test_02_get_statements_list" time="0.281" /><testcase classname="tests.test_statements.TestStatementsAPI" name="test_03_get_clients_summary" time="0.283" /><testcase classname="tests.test_statements.TestStatementsAPI" name="test_04_get_invoices_for_statement" time="0.277" /><testcase classname="tests.test_statements.TestStatementsAPI" name="test_05_preview_statement" time="0.300" /><testcase classname="tests.test_statements.TestStatementsAPI" name="test_06_create_statement" time="0.315" /><testcase classname="tests.test_statements.TestStatementsAPI" name="test_07_get_single_statement" time="0.319" /><testcase classname="tests.test_statements.TestStatementsAPI" name="test_08_get_nonexistent_statement" time="0.279" /><testcase classname="tests.test_statements.TestStatementsAPI" name="test_09_delete_statement" time="0.320" /><testcase classname="tests.test_statements.TestStatementsAPI" name="test_10_create_statement_empty_invoices" time="0.316" /><testcase classname="tests.test_statements.TestStatementsAPI" name="test_11_create_statement_invalid_invoices" time="0.275" /></testsuite></testsuites>