<?xml version="1.0" encoding="utf-8"?><testsuites name="pytest tests"><testsuite name="pytest" errors="0" failures="0" skipped="0" tests="23" time="16.348" timestamp="2026-02-17T01:09:12.125152+00:00" hostname="agent-env-94636feb-1693-4fb9-800c-7adc2b0231cd"><testcase classname="backend.tests.test_schedules.TestScheduleEndpoints" name="test_get_schedules_for_project" time="0.642" /><testcase classname="backend.tests.test_schedules.TestScheduleEndpoints" name="test_get_schedules_without_project_id" time="0.672" /><testcase classname="backend.tests.test_schedules.TestScheduleEndpoints" name="test_get_schedules_with_date_filter" time="0.771" /><testcase classname="backend.tests.test_schedules.TestScheduleEndpoints" name="test_create_schedule_success" time="0.714" /><testcase classname="backend.tests.test_schedules.TestScheduleEndpoints" name="test_create_schedule_with_approval_required" time="0.696" /><testcase classname="backend.tests.test_schedules.TestScheduleEndpoints" name="test_create_schedule_invalid_project" time="0.528" /><testcase classname="backend.tests.test_schedules.TestScheduleEndpoints" name="test_update_schedule_success" time="0.761" /><testcase classname="backend.tests.test_schedules.TestScheduleEndpoints" name="test_update_schedule_not_found" time="0.515" /><testcase classname="backend.tests.test_schedules.TestScheduleEndpoints" name="test_delete_schedule_success" time="1.001" /><testcase classname="backend.tests.test_schedules.TestScheduleEndpoints" name="test_delete_schedule_not_found" time="0.470" /><testcase classname="backend.tests.test_schedules.TestScheduleEndpoints" name="test_claim_shift_auto_confirm" time="0.687" /><testcase classname="backend.tests.test_schedules.TestScheduleEndpoints" name="test_claim_shift_pending_approval" time="0.718" /><testcase classname="backend.tests.test_schedules.TestScheduleEndpoints" name="test_claim_shift_already_claimed" time="0.705" /><testcase classname="backend.tests.test_schedules.TestScheduleEndpoints" name="test_claim_shift_not_found" time="0.533" /><testcase classname="backend.tests.test_schedules.TestScheduleEndpoints" name="test_unclaim_shift_success" time="1.838" /><testcase classname="backend.tests.test_schedules.TestScheduleEndpoints" name="test_unclaim_shift_not_registered" time="0.699" /><testcase classname="backend.tests.test_schedules.TestScheduleEndpoints" name="test_approve_shift_assignment" time="1.147" /><testcase classname="backend.tests.test_schedules.TestScheduleEndpoints" name="test_reject_shift_assignment" time="0.712" /><testcase classname="backend.tests.test_schedules.TestScheduleEndpoints" name="test_export_excel" time="0.562" /><testcase classname="backend.tests.test_schedules.TestScheduleEndpoints" name="test_export_pdf" time="0.446" /><testcase classname="backend.tests.test_schedules.TestScheduleEndpoints" name="test_get_my_shifts" time="0.424" /><testcase classname="backend.tests.test_schedules.TestScheduleEndpoints" name="test_get_my_shifts_with_date_filter" time="0.526" /><testcase classname="backend.tests.test_schedules.TestScheduleEndpoints" name="test_existing_shift_data" time="0.483" /></testsuite></testsuites>