<?xml version="1.0" encoding="utf-8"?><testsuites name="pytest tests"><testsuite name="pytest" errors="0" failures="0" skipped="0" tests="17" time="3.112" timestamp="2026-01-14T16:13:45.255383+00:00" hostname="agent-env-97122512-951c-4dc0-ae1d-2b74fff4379a"><testcase classname="tests.test_companies_nomenclatures.TestAuth" name="test_login_success" time="0.287" /><testcase classname="tests.test_companies_nomenclatures.TestAuth" name="test_auth_me" time="0.041" /><testcase classname="tests.test_companies_nomenclatures.TestCompanies" name="test_get_companies_list" time="0.309" /><testcase classname="tests.test_companies_nomenclatures.TestCompanies" name="test_create_company" time="0.045" /><testcase classname="tests.test_companies_nomenclatures.TestCompanies" name="test_get_single_company" time="0.128" /><testcase classname="tests.test_companies_nomenclatures.TestCompanies" name="test_update_company" time="0.135" /><testcase classname="tests.test_companies_nomenclatures.TestCompanies" name="test_delete_company" time="0.125" /><testcase classname="tests.test_companies_nomenclatures.TestSponsors" name="test_add_sponsor" time="0.347" /><testcase classname="tests.test_companies_nomenclatures.TestSponsors" name="test_verify_sponsor_in_company" time="0.079" /><testcase classname="tests.test_companies_nomenclatures.TestSponsors" name="test_update_sponsor" time="0.128" /><testcase classname="tests.test_companies_nomenclatures.TestSponsors" name="test_delete_sponsor" time="0.125" /><testcase classname="tests.test_companies_nomenclatures.TestNomenclatures" name="test_get_nomenclatures_list" time="0.300" /><testcase classname="tests.test_companies_nomenclatures.TestNomenclatures" name="test_create_nomenclature" time="0.047" /><testcase classname="tests.test_companies_nomenclatures.TestNomenclatures" name="test_get_next_number" time="0.079" /><testcase classname="tests.test_companies_nomenclatures.TestNomenclatures" name="test_next_number_increments" time="0.164" /><testcase classname="tests.test_companies_nomenclatures.TestCleanup" name="test_cleanup_test_companies" time="0.466" /><testcase classname="tests.test_companies_nomenclatures.TestCleanup" name="test_cleanup_test_nomenclatures" time="0.118" /></testsuite></testsuites>