<?xml version="1.0" encoding="utf-8"?><testsuites name="pytest tests"><testsuite name="pytest" errors="0" failures="0" skipped="0" tests="12" time="6.658" timestamp="2026-02-16T15:26:26.724545+00:00" hostname="agent-env-a04c9130-f0cc-4e67-884d-4022ebc961ab"><testcase classname="backend.tests.test_preproject_features.TestHardwareStores" name="test_get_hardware_stores" time="0.427" /><testcase classname="backend.tests.test_preproject_features.TestHardwareStores" name="test_create_custom_hardware_store" time="0.604" /><testcase classname="backend.tests.test_preproject_features.TestHardwareStores" name="test_create_duplicate_store_fails" time="0.595" /><testcase classname="backend.tests.test_preproject_features.TestHardwareStores" name="test_delete_default_store_fails" time="0.452" /><testcase classname="backend.tests.test_preproject_features.TestBitacoraAssignment" name="test_create_log_without_assignment" time="0.556" /><testcase classname="backend.tests.test_preproject_features.TestBitacoraAssignment" name="test_create_log_with_assignment" time="0.644" /><testcase classname="backend.tests.test_preproject_features.TestBitacoraAssignment" name="test_get_logs_includes_assigned_info" time="0.517" /><testcase classname="backend.tests.test_preproject_features.TestTransferToEstimate" name="test_transfer_to_estimate_success" time="0.528" /><testcase classname="backend.tests.test_preproject_features.TestTransferToEstimate" name="test_transfer_empty_materials_fails" time="0.640" /><testcase classname="backend.tests.test_preproject_features.TestMaterialsEstimate" name="test_save_materials_with_stores" time="0.484" /><testcase classname="backend.tests.test_preproject_features.TestMaterialsEstimate" name="test_get_preproject_includes_materials" time="0.522" /><testcase classname="backend.tests.test_preproject_features.TestPreProjectLogs" name="test_update_log_with_new_assignment" time="0.639" /></testsuite></testsuites>