<?xml version="1.0" encoding="utf-8"?><testsuites name="pytest tests"><testsuite name="pytest" errors="0" failures="0" skipped="0" tests="15" time="7.473" timestamp="2026-03-16T01:28:04.581657+00:00" hostname="agent-env-ea7d1ae1-533b-4444-a5b9-43fd3b2a7a71"><testcase classname="backend.tests.test_supervisor_role.TestSupervisorRole" name="test_supervisor_login_success" time="0.377" /><testcase classname="backend.tests.test_supervisor_role.TestSupervisorRole" name="test_supervisor_role_exists_in_user_data" time="0.348" /><testcase classname="backend.tests.test_supervisor_role.TestSupervisorRole" name="test_create_supervisor_via_register" time="1.608" /><testcase classname="backend.tests.test_supervisor_role.TestSupervisorRole" name="test_supervisor_can_access_projects_api" time="0.417" /><testcase classname="backend.tests.test_supervisor_role.TestSupervisorRole" name="test_supervisor_can_access_vendors_api" time="0.423" /><testcase classname="backend.tests.test_supervisor_role.TestSupervisorRole" name="test_supervisor_can_access_preprojects_api" time="0.430" /><testcase classname="backend.tests.test_supervisor_role.TestSupervisorRole" name="test_supervisor_can_access_cost_estimates_api" time="0.393" /><testcase classname="backend.tests.test_supervisor_role.TestSupervisorRole" name="test_supervisor_can_access_weekly_plan_api" time="0.440" /><testcase classname="backend.tests.test_supervisor_role.TestSupervisorRole" name="test_supervisor_can_access_quality_api" time="0.547" /><testcase classname="backend.tests.test_supervisor_role.TestSupervisorRole" name="test_supervisor_can_clock_in_out" time="0.419" /><testcase classname="backend.tests.test_supervisor_role.TestSupervisorRole" name="test_supervisor_can_access_my_requests_api" time="0.422" /><testcase classname="backend.tests.test_supervisor_role.TestSupervisorRole" name="test_supervisor_can_access_user_profile_api" time="0.402" /><testcase classname="backend.tests.test_supervisor_role.TestSupervisorRole" name="test_users_api_returns_supervisor_role" time="0.388" /><testcase classname="backend.tests.test_supervisor_role.TestSupervisorRole" name="test_me_endpoint_returns_supervisor_role" time="0.402" /><testcase classname="backend.tests.test_supervisor_role.TestSupervisorPermissionsBoundary" name="test_supervisor_financial_flag_on_project" time="0.406" /></testsuite></testsuites>