<?xml version="1.0" encoding="utf-8"?><testsuites name="pytest tests"><testsuite name="pytest" errors="0" failures="0" skipped="0" tests="11" time="8.938" timestamp="2026-02-13T21:05:28.830199+00:00" hostname="agent-env-ac10387d-da92-4a07-8d10-f3e1fcbe7ca1"><testcase classname="backend.tests.test_pre_projects.TestPreProjectsAPI" name="test_list_pre_projects" time="0.573" /><testcase classname="backend.tests.test_pre_projects.TestPreProjectsAPI" name="test_get_stats" time="0.398" /><testcase classname="backend.tests.test_pre_projects.TestPreProjectsAPI" name="test_create_pre_project" time="0.556" /><testcase classname="backend.tests.test_pre_projects.TestPreProjectsAPI" name="test_update_pre_project" time="0.720" /><testcase classname="backend.tests.test_pre_projects.TestPreProjectsAPI" name="test_update_stage" time="1.780" /><testcase classname="backend.tests.test_pre_projects.TestPreProjectsAPI" name="test_delete_pre_project" time="0.653" /><testcase classname="backend.tests.test_pre_projects.TestPreProjectsAPI" name="test_convert_to_project" time="1.178" /><testcase classname="backend.tests.test_pre_projects.TestPreProjectsAPI" name="test_convert_to_estimate" time="1.228" /><testcase classname="backend.tests.test_pre_projects.TestPreProjectsAPI" name="test_get_single_pre_project" time="0.713" /><testcase classname="backend.tests.test_pre_projects.TestPreProjectsAPI" name="test_get_nonexistent_pre_project" time="0.430" /><testcase classname="backend.tests.test_pre_projects.TestPreProjectsAPI" name="test_invalid_stage_update" time="0.635" /></testsuite></testsuites>