<?xml version="1.0" encoding="utf-8"?><testsuites name="pytest tests"><testsuite name="pytest" errors="0" failures="0" skipped="0" tests="17" time="1.242" timestamp="2026-02-06T16:00:44.508554+00:00" hostname="agent-env-943d99d8-d45e-4999-9693-468c683d7dce"><testcase classname="backend.tests.test_payment_receipts.TestPaymentReceiptsSetup" name="test_api_health" time="0.098" /><testcase classname="backend.tests.test_payment_receipts.TestPaymentReceiptsSetup" name="test_get_vendors_for_receipts" time="0.355" /><testcase classname="backend.tests.test_payment_receipts.TestPaymentReceiptsSetup" name="test_get_projects_for_receipts" time="0.018" /><testcase classname="backend.tests.test_payment_receipts.TestPaymentReceiptsCRUD" name="test_get_all_receipts" time="0.053" /><testcase classname="backend.tests.test_payment_receipts.TestPaymentReceiptsCRUD" name="test_create_receipt_without_project" time="0.013" /><testcase classname="backend.tests.test_payment_receipts.TestPaymentReceiptsCRUD" name="test_create_receipt_with_project" time="0.054" /><testcase classname="backend.tests.test_payment_receipts.TestPaymentReceiptsCRUD" name="test_get_receipt_by_id" time="0.057" /><testcase classname="backend.tests.test_payment_receipts.TestPaymentReceiptsCRUD" name="test_get_receipt_not_found" time="0.051" /><testcase classname="backend.tests.test_payment_receipts.TestPaymentReceiptsCRUD" name="test_update_receipt" time="0.072" /><testcase classname="backend.tests.test_payment_receipts.TestPaymentReceiptsFilters" name="test_filter_by_vendor" time="0.010" /><testcase classname="backend.tests.test_payment_receipts.TestPaymentReceiptsFilters" name="test_filter_by_project" time="0.051" /><testcase classname="backend.tests.test_payment_receipts.TestVendorReceipts" name="test_get_vendor_receipts" time="0.011" /><testcase classname="backend.tests.test_payment_receipts.TestVendorReceipts" name="test_get_vendor_receipts_not_found" time="0.051" /><testcase classname="backend.tests.test_payment_receipts.TestReceiptAttachments" name="test_add_attachment" time="0.064" /><testcase classname="backend.tests.test_payment_receipts.TestReceiptAttachments" name="test_delete_attachment" time="0.075" /><testcase classname="backend.tests.test_payment_receipts.TestReceiptNumbering" name="test_receipt_number_format" time="0.011" /><testcase classname="backend.tests.test_payment_receipts.TestReceiptCleanup" name="test_delete_test_receipts" time="0.114" /></testsuite></testsuites>