<?xml version="1.0" encoding="utf-8"?><testsuites name="pytest tests"><testsuite name="pytest" errors="0" failures="0" skipped="0" tests="23" time="10.004" timestamp="2026-02-19T14:18:52.039542+00:00" hostname="agent-env-227ad930-0fc7-4b74-9671-f29924ca8f8f"><testcase classname="backend.tests.test_accounting_automation.TestAccountingAutomation" name="test_01_api_health" time="0.473" /><testcase classname="backend.tests.test_accounting_automation.TestAccountingAutomation" name="test_02_accounting_dashboard" time="0.424" /><testcase classname="backend.tests.test_accounting_automation.TestAccountingAutomation" name="test_03_chart_of_accounts" time="0.387" /><testcase classname="backend.tests.test_accounting_automation.TestAccountingAutomation" name="test_04_payroll_journal_entry" time="0.425" /><testcase classname="backend.tests.test_accounting_automation.TestAccountingAutomation" name="test_05_payroll_journal_duplicate_prevention" time="0.467" /><testcase classname="backend.tests.test_accounting_automation.TestAccountingAutomation" name="test_06_expense_journal_entry" time="0.465" /><testcase classname="backend.tests.test_accounting_automation.TestAccountingAutomation" name="test_07_expense_journal_labor_type" time="0.471" /><testcase classname="backend.tests.test_accounting_automation.TestAccountingAutomation" name="test_08_expense_journal_subcontractor_type" time="0.403" /><testcase classname="backend.tests.test_accounting_automation.TestAccountingAutomation" name="test_09_invoice_journal_entry" time="0.433" /><testcase classname="backend.tests.test_accounting_automation.TestAccountingAutomation" name="test_10_invoice_journal_without_tax" time="0.432" /><testcase classname="backend.tests.test_accounting_automation.TestAccountingAutomation" name="test_11_payment_journal_entry" time="0.454" /><testcase classname="backend.tests.test_accounting_automation.TestAccountingAutomation" name="test_12_payment_journal_partial_payment" time="0.454" /><testcase classname="backend.tests.test_accounting_automation.TestAccountingAutomation" name="test_13_sync_purchase_orders_to_ap" time="0.404" /><testcase classname="backend.tests.test_accounting_automation.TestAccountingAutomation" name="test_14_subcontractor_payment_with_withholding" time="0.416" /><testcase classname="backend.tests.test_accounting_automation.TestAccountingAutomation" name="test_15_subcontractor_payment_without_withholding" time="0.395" /><testcase classname="backend.tests.test_accounting_automation.TestAccountingAutomation" name="test_16_subcontractor_payment_custom_rate" time="0.409" /><testcase classname="backend.tests.test_accounting_automation.TestAccountingAutomation" name="test_17_sync_invoices_to_ar" time="0.438" /><testcase classname="backend.tests.test_accounting_automation.TestAccountingAutomation" name="test_18_sync_payroll_endpoint" time="0.454" /><testcase classname="backend.tests.test_accounting_automation.TestAccountingAutomation" name="test_19_journal_entries_list" time="0.410" /><testcase classname="backend.tests.test_accounting_automation.TestAccountingAutomation" name="test_20_accounts_receivable_list" time="0.422" /><testcase classname="backend.tests.test_accounting_automation.TestAccountingAutomation" name="test_21_accounts_payable_list" time="0.415" /><testcase classname="backend.tests.test_accounting_automation.TestAccountingAutomation" name="test_22_tax_liabilities_list" time="0.428" /><testcase classname="backend.tests.test_accounting_automation.TestAccountingAutomation" name="test_99_cleanup_test_data" time="0.464" /></testsuite></testsuites>