<?xml version="1.0" encoding="utf-8"?><testsuites name="pytest tests"><testsuite name="pytest" errors="0" failures="0" skipped="0" tests="14" time="3.148" timestamp="2026-03-16T00:43:14.933235+00:00" hostname="agent-env-ea7d1ae1-533b-4444-a5b9-43fd3b2a7a71"><testcase classname="tests.test_quality.TestQualityChecklists" name="test_get_checklists_for_project" time="0.481" /><testcase classname="tests.test_quality.TestQualityChecklists" name="test_create_checklist" time="0.128" /><testcase classname="tests.test_quality.TestQualityChecklists" name="test_update_checklist" time="0.135" /><testcase classname="tests.test_quality.TestQualityChecklists" name="test_get_single_checklist" time="0.060" /><testcase classname="tests.test_quality.TestQualityChecklists" name="test_delete_checklist" time="0.118" /><testcase classname="tests.test_quality.TestNonConformities" name="test_get_nonconformities_for_project" time="0.393" /><testcase classname="tests.test_quality.TestNonConformities" name="test_create_nonconformity" time="0.126" /><testcase classname="tests.test_quality.TestNonConformities" name="test_update_nonconformity" time="0.133" /><testcase classname="tests.test_quality.TestNonConformities" name="test_update_nc_status_resolved" time="0.057" /><testcase classname="tests.test_quality.TestNonConformities" name="test_get_single_nonconformity" time="0.062" /><testcase classname="tests.test_quality.TestNonConformities" name="test_delete_nonconformity" time="0.094" /><testcase classname="tests.test_quality.TestQualitySummary" name="test_get_quality_summary" time="0.431" /><testcase classname="tests.test_quality.TestExistingMRRData" name="test_mrr_data_available" time="0.455" /><testcase classname="tests.test_quality.TestExistingPressureTestData" name="test_pressure_tests_data_available" time="0.401" /></testsuite></testsuites>