<?xml version="1.0" encoding="utf-8"?><testsuites name="pytest tests"><testsuite name="pytest" errors="0" failures="0" skipped="0" tests="4" time="1.893" timestamp="2026-02-25T13:19:39.572949+00:00" hostname="agent-env-a5a65012-1783-4b5a-835b-62e69a45c489"><testcase classname="backend.tests.test_duplicate_invoice.TestInvoiceDuplicate" name="test_get_existing_invoices" time="0.490" /><testcase classname="backend.tests.test_duplicate_invoice.TestInvoiceDuplicate" name="test_duplicate_invoice_endpoint" time="0.430" /><testcase classname="backend.tests.test_duplicate_invoice.TestInvoiceDuplicate" name="test_verify_duplicated_invoice_in_list" time="0.530" /><testcase classname="backend.tests.test_duplicate_invoice.TestInvoiceDuplicate" name="test_duplicate_nonexistent_invoice" time="0.396" /></testsuite></testsuites>