<?xml version="1.0" encoding="utf-8"?><testsuites name="pytest tests"><testsuite name="pytest" errors="0" failures="0" skipped="0" tests="12" time="6.645" timestamp="2026-02-13T19:52:28.872564+00:00" hostname="agent-env-16524551-6153-4525-b0b8-5581336c3658"><testcase classname="backend.tests.test_mrr.TestMRREndpoints" name="test_01_get_mrr_stats" time="0.576" /><testcase classname="backend.tests.test_mrr.TestMRREndpoints" name="test_02_get_mrrs_by_project" time="0.473" /><testcase classname="backend.tests.test_mrr.TestMRREndpoints" name="test_03_create_mrr" time="0.397" /><testcase classname="backend.tests.test_mrr.TestMRREndpoints" name="test_04_get_created_mrr" time="0.445" /><testcase classname="backend.tests.test_mrr.TestMRREndpoints" name="test_05_update_mrr" time="0.449" /><testcase classname="backend.tests.test_mrr.TestMRREndpoints" name="test_06_change_status_to_pending" time="0.767" /><testcase classname="backend.tests.test_mrr.TestMRREndpoints" name="test_07_change_status_to_received" time="0.536" /><testcase classname="backend.tests.test_mrr.TestMRREndpoints" name="test_08_change_status_to_inspected" time="0.613" /><testcase classname="backend.tests.test_mrr.TestMRREndpoints" name="test_09_delete_mrr" time="0.587" /><testcase classname="backend.tests.test_mrr.TestMRREndpoints" name="test_10_form_validation_required_fields" time="0.686" /><testcase classname="backend.tests.test_mrr.TestMRREndpoints" name="test_11_get_existing_mrr" time="0.507" /><testcase classname="backend.tests.test_mrr.TestMRREndpoints" name="test_12_get_mrr_not_found" time="0.541" /></testsuite></testsuites>