<?xml version="1.0" encoding="utf-8"?><testsuites name="pytest tests"><testsuite name="pytest" errors="0" failures="0" skipped="0" tests="15" time="4.497" timestamp="2026-02-09T20:42:12.493361+00:00" hostname="agent-env-be23f80b-bf0b-4edf-9196-99d4ecef3b74"><testcase classname="tests.test_inspection_forms.TestInspectionFormsAPI" name="test_get_inspection_forms_for_project" time="0.310" /><testcase classname="tests.test_inspection_forms.TestInspectionFormsAPI" name="test_get_inspection_forms_filter_by_type" time="0.281" /><testcase classname="tests.test_inspection_forms.TestInspectionFormsAPI" name="test_create_pressure_test_form" time="0.273" /><testcase classname="tests.test_inspection_forms.TestInspectionFormsAPI" name="test_get_pressure_test_form_by_id" time="0.305" /><testcase classname="tests.test_inspection_forms.TestInspectionFormsAPI" name="test_update_pressure_test_form" time="0.300" /><testcase classname="tests.test_inspection_forms.TestInspectionFormsAPI" name="test_delete_pressure_test_form" time="0.305" /><testcase classname="tests.test_inspection_forms.TestInspectionFormsAPI" name="test_create_aboveground_inspection" time="0.269" /><testcase classname="tests.test_inspection_forms.TestInspectionFormsAPI" name="test_get_aboveground_inspection_by_id" time="0.334" /><testcase classname="tests.test_inspection_forms.TestInspectionFormsAPI" name="test_update_aboveground_inspection" time="0.297" /><testcase classname="tests.test_inspection_forms.TestInspectionFormsAPI" name="test_delete_aboveground_inspection" time="0.331" /><testcase classname="tests.test_inspection_forms.TestInspectionFormsAPI" name="test_pressure_test_form_with_signatures" time="0.281" /><testcase classname="tests.test_inspection_forms.TestInspectionFormsAPI" name="test_aboveground_inspection_with_signatures" time="0.282" /><testcase classname="tests.test_inspection_forms.TestInspectionFormsAPI" name="test_get_inspection_forms_invalid_project" time="0.328" /><testcase classname="tests.test_inspection_forms.TestInspectionFormsAPI" name="test_get_nonexistent_pressure_test_form" time="0.276" /><testcase classname="tests.test_inspection_forms.TestInspectionFormsAPI" name="test_get_nonexistent_aboveground_inspection" time="0.267" /></testsuite></testsuites>